<?xml version="1.0" encoding="UTF-8"?>
<!-- Generated by org.testng.reporters.JUnitReportReporter -->
<testsuite hostname="DESKTOP-VIK1CAB" failures="0" tests="1" name="Test.LoginPageTest" time="33.308" errors="0" timestamp="2022-06-09T15:48:56 IST" skipped="0">
  <testcase classname="Test.LoginPageTest" name="loginwithvalidcredentialsTest" time="33.308"/>
  <system-out/>
</testsuite> <!-- Test.LoginPageTest -->
