<?xml version="1.0" encoding="UTF-8"?>
<!-- Generated by org.testng.reporters.JUnitReportReporter -->
<testsuite hostname="DESKTOP-VIK1CAB" failures="0" tests="3" name="Test.PinPageTest" time="72.671" errors="0" timestamp="2022-06-19T16:20:18 IST" skipped="0">
  <testcase classname="Test.PinPageTest" name="clickOnSignupTest" time="12.703"/>
  <system-out/>
  <testcase classname="Test.PinPageTest" name="loginwithvalidcredentialsTest" time="29.840"/>
  <system-out/>
  <testcase classname="Test.PinPageTest" name="clickOnForgotTest" time="30.128"/>
  <system-out/>
</testsuite> <!-- Test.PinPageTest -->
