<?xml version="1.0" encoding="UTF-8"?>
<!-- Generated by org.testng.reporters.JUnitReportReporter -->
<testsuite hostname="DESKTOP-VIK1CAB" failures="0" tests="1" name="Test.SearchboxTest" time="25.082" errors="0" timestamp="2022-06-18T20:08:52 IST" skipped="0">
  <testcase classname="Test.SearchboxTest" name="loginwithvalidcredentialsTest" time="25.082"/>
  <system-out/>
</testsuite> <!-- Test.SearchboxTest -->
